<?xml version="1.0" encoding="UTF-8"?>
<testng-results ignored="0" total="1" passed="1" failed="0" skipped="0">
  <reporter-output>
  </reporter-output>
  <suite started-at="2024-02-01T11:44:12 IST" name="Default suite" finished-at="2024-02-01T11:44:33 IST" duration-ms="20955">
    <groups>
    </groups>
    <test started-at="2024-02-01T11:44:12 IST" name="Default test" finished-at="2024-02-01T11:44:33 IST" duration-ms="20955">
      <class name="POM.ExecuteDWSHomePage">
        <test-method signature="reciver()[pri:0, instance:POM.ExecuteDWSHomePage@3c41ed1d]" started-at="2024-02-01T11:44:12 IST" name="reciver" finished-at="2024-02-01T11:44:33 IST" duration-ms="20799" status="PASS">
          <reporter-output>
          </reporter-output>
        </test-method> <!-- reciver -->
      </class> <!-- POM.ExecuteDWSHomePage -->
    </test> <!-- Default test -->
  </suite> <!-- Default suite -->
</testng-results>
